  main.cpp
C:\Users\ltpla\source\repos\WAVE\WWise Audio Viewer and Editor\main.cpp(520,28): warning C4244: 'initializing': conversion from '_Elem' to 'char', possible loss of data
C:\Users\ltpla\source\repos\WAVE\WWise Audio Viewer and Editor\main.cpp(520,28): warning C4244:         with
C:\Users\ltpla\source\repos\WAVE\WWise Audio Viewer and Editor\main.cpp(520,28): warning C4244:         [
C:\Users\ltpla\source\repos\WAVE\WWise Audio Viewer and Editor\main.cpp(520,28): warning C4244:             _Elem=wchar_t
C:\Users\ltpla\source\repos\WAVE\WWise Audio Viewer and Editor\main.cpp(520,28): warning C4244:         ]
D:\Programs\Visual Studio\VC\Tools\MSVC\14.41.34120\include\xutility(4689,18): warning C4244: '=': conversion from 'wchar_t' to 'char', possible loss of data
  (compiling source file 'main.cpp')
      D:\Programs\Visual Studio\VC\Tools\MSVC\14.41.34120\include\xutility(4689,18):
      the template instantiation context (the oldest one first) is
          C:\Users\ltpla\source\repos\WAVE\WWise Audio Viewer and Editor\main.cpp(508,27):
          see reference to function template instantiation 'std::basic_string<char,std::char_traits<char>,std::allocator<char>>::basic_string<std::_String_iterator<std::_String_val<std::_Simple_types<_Elem>>>,0>(_Iter,_Iter,const _Alloc &)' being compiled
          with
          [
              _Elem=wchar_t,
              _Iter=std::_String_iterator<std::_String_val<std::_Simple_types<wchar_t>>>,
              _Alloc=std::allocator<char>
          ]
              C:\Users\ltpla\source\repos\WAVE\WWise Audio Viewer and Editor\main.cpp(508,19):
              see the first reference to 'std::basic_string<char,std::char_traits<char>,std::allocator<char>>::basic_string' in 'ShowFileDialog'
          D:\Programs\Visual Studio\VC\Tools\MSVC\14.41.34120\include\xstring(793,17):
          see reference to function template instantiation 'void std::basic_string<char,std::char_traits<char>,std::allocator<char>>::_Construct_from_iter<wchar_t*,wchar_t*,_Size_type>(_Iter,const _Sent,_Size)' being compiled
          with
          [
              _Size_type=unsigned __int64,
              _Iter=wchar_t *,
              _Sent=wchar_t *,
              _Size=unsigned __int64
          ]
          D:\Programs\Visual Studio\VC\Tools\MSVC\14.41.34120\include\xstring(949,18):
          see reference to function template instantiation '_OutIt *std::_Copy_n_unchecked4<wchar_t*,_Size,char*>(_InIt,_SizeTy,_OutIt)' being compiled
          with
          [
              _OutIt=char *,
              _Size=unsigned __int64,
              _InIt=wchar_t *,
              _SizeTy=unsigned __int64
          ]
  
  Generating code
  1 of 977 functions ( 0.1%) were compiled, the rest were copied from previous compilation.
    0 functions were new in current compilation
    1 functions had inline decision re-evaluated but remain unchanged
  Finished generating code
  WWise Audio Viewer and Editor.vcxproj -> C:\Users\ltpla\source\repos\WAVE\x64\Release\WWise Audio Viewer and Editor.exe
